commit d22bd9d35a82dd9a9e74f0caa87cc12bd897b07d
Author: Kevin <kevin12kim27@gmail.com>
Date:   Thu Oct 21 07:04:54 2021 -0700

    closing works

commit 00b5b62552f4d2c88747ed4c64560bb481e29e53
Author: Kevin <kevin12kim27@gmail.com>
Date:   Wed Oct 20 22:22:31 2021 -0700

    stuff

commit 2b48efbf1976faa3ca8b9074f00ec41e3bf40b8c
Author: Kevin <kevin12kim27@gmail.com>
Date:   Mon Oct 18 15:18:00 2021 -0700

    lots of practice

commit ef88c71fc900face5def3107122da25f615aef3f
Author: Kevin <kevin12kim27@gmail.com>
Date:   Sat Aug 21 14:23:52 2021 -0700

    hps

commit b87ee2531106188c5c5f12d986df698ab3632a14
Author: Kevin <kevin12kim27@gmail.com>
Date:   Sat Aug 21 12:54:31 2021 -0700

    worked on prefix sums

commit 098f7394dc0c9535936a8cef54421f54a861825a
Author: Kevin <kevin12kim27@gmail.com>
Date:   Sun Mar 29 16:53:34 2020 -0700

    added stuff

commit 5dad8fd5701c69fe3db07439c7c96b7d302d6799
Author: Kevin <kevin12kim27@gmail.com>
Date:   Wed Jan 8 16:56:37 2020 -0800

    milkvisits half working

commit 3fc6c8ea2a91cd7cf349d92c75d0d14accda3603
Author: Kevin <kevin12kim27@gmail.com>
Date:   Mon Jan 6 15:24:07 2020 -0800

    aa

commit 289cd0df0deb479adfc21c386d33038f2ba27348
Author: Kevin <kevin12kim27@gmail.com>
Date:   Sun Dec 22 13:21:03 2019 -0800

    floodfill

commit 74a74420ada054d074058221eb99730dacfe3127
Author: Kevin <kevin12kim27@gmail.com>
Date:   Sun Dec 22 13:18:44 2019 -0800

    floodfill jan 2019

commit 2f1c23372717caea6dce09043fc18742d4b68a5e
Author: Kevin <kevin12kim27@gmail.com>
Date:   Sun Dec 22 12:11:10 2019 -0800

    silver 2016 january and renamed some stuff

commit e4b682da960f5d6f33c3a05e18c23da3d6815e91
Author: Kevin <kevin12kim27@gmail.com>
Date:   Wed Dec 18 22:44:03 2019 -0800

    Namenum
    
    Permutations work! Times out unfortunately...

commit a5038fec4184ead3eac734898357d2923cd4587f
Author: Kevin <kevin12kim27@gmail.com>
Date:   Tue Dec 17 00:45:32 2019 -0800

    Dec 2019

commit 5c886acce71d8d603007bd74b202be98f9eb9433
Author: Kevin <kevin12kim27@gmail.com>
Date:   Tue Dec 17 00:39:34 2019 -0800

    Added stuff

commit a0961ffd23b9225e97eba6f75d888f5e7a6c930e
Author: Kevin <kevin12kim27@gmail.com>
Date:   Mon Apr 8 11:10:54 2019 -0700

    updates

commit 4b61a0d5728d5e0202ec985cadcd549a83990478
Author: Kevin Kim <kevin12kim27@gmail.com>
Date:   Fri Sep 14 19:35:48 2018 -0700

    first commit
